2024-12-11 14:24:35 - Starting MicroservicioClienteApplication using Java 17.0.13 with PID 32724 (D:\PROYECTOS\TataConsulting\microservicio-cliente\target\classes started by KREYSHIN in D:\PROYECTOS\TataConsulting\microservicio-cliente)
2024-12-11 14:24:35 - No active profile set, falling back to 1 default profile: "default"
2024-12-11 14:24:35 - Bootstrapping Spring Data JPA repositories in DEFAULT mode.
2024-12-11 14:24:35 - Finished Spring Data repository scanning in 6 ms. Found 1 JPA repository interface.
2024-12-11 14:24:35 - Tomcat initialized with port 8081 (http)
2024-12-11 14:24:35 - Starting service [Tomcat]
2024-12-11 14:24:35 - Starting Servlet engine: [Apache Tomcat/10.1.33]
2024-12-11 14:24:35 - Initializing Spring embedded WebApplicationContext
2024-12-11 14:24:35 - Root WebApplicationContext: initialization completed in 340 ms
2024-12-11 14:24:35 - HHH000204: Processing PersistenceUnitInfo [name: default]
2024-12-11 14:24:35 - HHH000026: Second-level cache disabled
2024-12-11 14:24:35 - No LoadTimeWeaver setup: ignoring JPA class transformer
2024-12-11 14:24:35 - HikariPool-4 - Starting...
2024-12-11 14:24:35 - HikariPool-4 - Added connection ConnectionID:31 ClientConnectionId: b10d1216-648d-48a9-a77d-5474439b20dc
2024-12-11 14:24:35 - HikariPool-4 - Start completed.
2024-12-11 14:24:35 - HHH10001005: Database info:
	Database JDBC URL [Connecting through datasource 'HikariDataSource (HikariPool-4)']
	Database driver: undefined/unknown
	Database version: 16.0
	Autocommit mode: undefined/unknown
	Isolation level: undefined/unknown
	Minimum pool size: undefined/unknown
	Maximum pool size: undefined/unknown
2024-12-11 14:24:35 - HHH000489: No JTA platform available (set 'hibernate.transaction.jta.platform' to enable JTA platform integration)
2024-12-11 14:24:35 - Initialized JPA EntityManagerFactory for persistence unit 'default'
2024-12-11 14:24:35 - spring.jpa.open-in-view is enabled by default. Therefore, database queries may be performed during view rendering. Explicitly configure spring.jpa.open-in-view to disable this warning
2024-12-11 14:24:36 - LiveReload server is running on port 35729
2024-12-11 14:24:36 - Tomcat started on port 8081 (http) with context path '/'
2024-12-11 14:24:36 - Started MicroservicioClienteApplication in 0.905 seconds (process running for 241.905)
2024-12-11 14:24:36 - Condition evaluation unchanged
2024-12-11 14:24:42 - Initializing Spring DispatcherServlet 'dispatcherServlet'
2024-12-11 14:24:42 - Initializing Servlet 'dispatcherServlet'
2024-12-11 14:24:42 - Completed initialization in 0 ms
2024-12-11 14:24:42 - Solicitud al método: Mono brandonnavarro.microservicio_cliente.controller.ClienteController.getClientePorCodigoUnico(String,String)
2024-12-11 14:24:42 - Valor del header 'My-Custom-Header': dasdasdasdasd
2024-12-11 14:25:41 - Restarting due to 1 class path change (0 additions, 0 deletions, 1 modification)
2024-12-11 14:25:41 - Commencing graceful shutdown. Waiting for active requests to complete
2024-12-11 14:25:41 - Graceful shutdown complete
2024-12-11 14:25:41 - Closing JPA EntityManagerFactory for persistence unit 'default'
2024-12-11 14:25:41 - HikariPool-4 - Shutdown initiated...
2024-12-11 14:25:41 - HikariPool-4 - Shutdown completed.
2024-12-11 14:25:41 - Starting MicroservicioClienteApplication using Java 17.0.13 with PID 32724 (D:\PROYECTOS\TataConsulting\microservicio-cliente\target\classes started by KREYSHIN in D:\PROYECTOS\TataConsulting\microservicio-cliente)
2024-12-11 14:25:41 - No active profile set, falling back to 1 default profile: "default"
2024-12-11 14:25:42 - Bootstrapping Spring Data JPA repositories in DEFAULT mode.
2024-12-11 14:25:42 - Finished Spring Data repository scanning in 5 ms. Found 1 JPA repository interface.
2024-12-11 14:25:42 - Tomcat initialized with port 8081 (http)
2024-12-11 14:25:42 - Starting service [Tomcat]
2024-12-11 14:25:42 - Starting Servlet engine: [Apache Tomcat/10.1.33]
2024-12-11 14:25:42 - Initializing Spring embedded WebApplicationContext
2024-12-11 14:25:42 - Root WebApplicationContext: initialization completed in 210 ms
2024-12-11 14:25:42 - HHH000204: Processing PersistenceUnitInfo [name: default]
2024-12-11 14:25:42 - HHH000026: Second-level cache disabled
2024-12-11 14:25:42 - No LoadTimeWeaver setup: ignoring JPA class transformer
2024-12-11 14:25:42 - HikariPool-5 - Starting...
2024-12-11 14:25:42 - HikariPool-5 - Added connection ConnectionID:41 ClientConnectionId: e091735e-bfe4-4eab-9dcc-280764e5eabd
2024-12-11 14:25:42 - HikariPool-5 - Start completed.
2024-12-11 14:25:42 - HHH10001005: Database info:
	Database JDBC URL [Connecting through datasource 'HikariDataSource (HikariPool-5)']
	Database driver: undefined/unknown
	Database version: 16.0
	Autocommit mode: undefined/unknown
	Isolation level: undefined/unknown
	Minimum pool size: undefined/unknown
	Maximum pool size: undefined/unknown
2024-12-11 14:25:42 - HHH000489: No JTA platform available (set 'hibernate.transaction.jta.platform' to enable JTA platform integration)
2024-12-11 14:25:42 - Initialized JPA EntityManagerFactory for persistence unit 'default'
2024-12-11 14:25:42 - spring.jpa.open-in-view is enabled by default. Therefore, database queries may be performed during view rendering. Explicitly configure spring.jpa.open-in-view to disable this warning
2024-12-11 14:25:42 - LiveReload server is running on port 35729
2024-12-11 14:25:42 - Tomcat started on port 8081 (http) with context path '/'
2024-12-11 14:25:42 - Started MicroservicioClienteApplication in 0.72 seconds (process running for 308.386)
2024-12-11 14:25:42 - Condition evaluation unchanged
2024-12-11 14:25:45 - Initializing Spring DispatcherServlet 'dispatcherServlet'
2024-12-11 14:25:45 - Initializing Servlet 'dispatcherServlet'
2024-12-11 14:25:45 - Completed initialization in 1 ms
2024-12-11 14:25:45 - El Tracking-ID de la solicitud es: dasdasdasdasd
2024-12-11 14:26:15 - Restarting due to 1 class path change (0 additions, 0 deletions, 1 modification)
2024-12-11 14:26:15 - Commencing graceful shutdown. Waiting for active requests to complete
2024-12-11 14:26:15 - Graceful shutdown complete
2024-12-11 14:26:15 - Closing JPA EntityManagerFactory for persistence unit 'default'
2024-12-11 14:26:15 - HikariPool-5 - Shutdown initiated...
2024-12-11 14:26:15 - HikariPool-5 - Shutdown completed.
2024-12-11 14:26:15 - Starting MicroservicioClienteApplication using Java 17.0.13 with PID 32724 (D:\PROYECTOS\TataConsulting\microservicio-cliente\target\classes started by KREYSHIN in D:\PROYECTOS\TataConsulting\microservicio-cliente)
2024-12-11 14:26:15 - No active profile set, falling back to 1 default profile: "default"
2024-12-11 14:26:15 - Bootstrapping Spring Data JPA repositories in DEFAULT mode.
2024-12-11 14:26:15 - Finished Spring Data repository scanning in 5 ms. Found 1 JPA repository interface.
2024-12-11 14:26:15 - Tomcat initialized with port 8081 (http)
2024-12-11 14:26:15 - Starting service [Tomcat]
2024-12-11 14:26:15 - Starting Servlet engine: [Apache Tomcat/10.1.33]
2024-12-11 14:26:15 - Initializing Spring embedded WebApplicationContext
2024-12-11 14:26:15 - Root WebApplicationContext: initialization completed in 206 ms
2024-12-11 14:26:15 - HHH000204: Processing PersistenceUnitInfo [name: default]
2024-12-11 14:26:15 - HHH000026: Second-level cache disabled
2024-12-11 14:26:15 - No LoadTimeWeaver setup: ignoring JPA class transformer
2024-12-11 14:26:15 - HikariPool-6 - Starting...
2024-12-11 14:26:15 - HikariPool-6 - Added connection ConnectionID:51 ClientConnectionId: d28fc59c-33a7-429e-84dc-7a04f914ce7d
2024-12-11 14:26:15 - HikariPool-6 - Start completed.
2024-12-11 14:26:15 - HHH10001005: Database info:
	Database JDBC URL [Connecting through datasource 'HikariDataSource (HikariPool-6)']
	Database driver: undefined/unknown
	Database version: 16.0
	Autocommit mode: undefined/unknown
	Isolation level: undefined/unknown
	Minimum pool size: undefined/unknown
	Maximum pool size: undefined/unknown
2024-12-11 14:26:16 - HHH000489: No JTA platform available (set 'hibernate.transaction.jta.platform' to enable JTA platform integration)
2024-12-11 14:26:16 - Initialized JPA EntityManagerFactory for persistence unit 'default'
2024-12-11 14:26:16 - spring.jpa.open-in-view is enabled by default. Therefore, database queries may be performed during view rendering. Explicitly configure spring.jpa.open-in-view to disable this warning
2024-12-11 14:26:16 - LiveReload server is running on port 35729
2024-12-11 14:26:16 - Tomcat started on port 8081 (http) with context path '/'
2024-12-11 14:26:16 - Started MicroservicioClienteApplication in 0.691 seconds (process running for 342.164)
2024-12-11 14:26:16 - Condition evaluation unchanged
2024-12-11 14:26:19 - Initializing Spring DispatcherServlet 'dispatcherServlet'
2024-12-11 14:26:19 - Initializing Servlet 'dispatcherServlet'
2024-12-11 14:26:19 - Completed initialization in 1 ms
2024-12-11 14:26:19 - El Tracking-ID de la solicitud es: dasdasdasdasd
2024-12-11 14:26:31 - Restarting due to 1 class path change (0 additions, 0 deletions, 1 modification)
2024-12-11 14:26:31 - Commencing graceful shutdown. Waiting for active requests to complete
2024-12-11 14:26:31 - Graceful shutdown complete
2024-12-11 14:26:31 - Closing JPA EntityManagerFactory for persistence unit 'default'
2024-12-11 14:26:31 - HikariPool-6 - Shutdown initiated...
2024-12-11 14:26:31 - HikariPool-6 - Shutdown completed.
2024-12-11 14:26:31 - Starting MicroservicioClienteApplication using Java 17.0.13 with PID 32724 (D:\PROYECTOS\TataConsulting\microservicio-cliente\target\classes started by KREYSHIN in D:\PROYECTOS\TataConsulting\microservicio-cliente)
2024-12-11 14:26:31 - No active profile set, falling back to 1 default profile: "default"
2024-12-11 14:26:31 - Bootstrapping Spring Data JPA repositories in DEFAULT mode.
2024-12-11 14:26:31 - Finished Spring Data repository scanning in 4 ms. Found 1 JPA repository interface.
2024-12-11 14:26:31 - Tomcat initialized with port 8081 (http)
2024-12-11 14:26:31 - Starting service [Tomcat]
2024-12-11 14:26:31 - Starting Servlet engine: [Apache Tomcat/10.1.33]
2024-12-11 14:26:31 - Initializing Spring embedded WebApplicationContext
2024-12-11 14:26:31 - Root WebApplicationContext: initialization completed in 193 ms
2024-12-11 14:26:31 - HHH000204: Processing PersistenceUnitInfo [name: default]
2024-12-11 14:26:31 - HHH000026: Second-level cache disabled
2024-12-11 14:26:31 - No LoadTimeWeaver setup: ignoring JPA class transformer
2024-12-11 14:26:31 - HikariPool-7 - Starting...
2024-12-11 14:26:31 - HikariPool-7 - Added connection ConnectionID:61 ClientConnectionId: 68a7918b-b349-4180-b66d-983bcd23504f
2024-12-11 14:26:31 - HikariPool-7 - Start completed.
2024-12-11 14:26:31 - HHH10001005: Database info:
	Database JDBC URL [Connecting through datasource 'HikariDataSource (HikariPool-7)']
	Database driver: undefined/unknown
	Database version: 16.0
	Autocommit mode: undefined/unknown
	Isolation level: undefined/unknown
	Minimum pool size: undefined/unknown
	Maximum pool size: undefined/unknown
2024-12-11 14:26:31 - HHH000489: No JTA platform available (set 'hibernate.transaction.jta.platform' to enable JTA platform integration)
2024-12-11 14:26:31 - Initialized JPA EntityManagerFactory for persistence unit 'default'
2024-12-11 14:26:31 - spring.jpa.open-in-view is enabled by default. Therefore, database queries may be performed during view rendering. Explicitly configure spring.jpa.open-in-view to disable this warning
2024-12-11 14:26:31 - LiveReload server is running on port 35729
2024-12-11 14:26:31 - Tomcat started on port 8081 (http) with context path '/'
2024-12-11 14:26:31 - Started MicroservicioClienteApplication in 0.508 seconds (process running for 357.419)
2024-12-11 14:26:31 - Condition evaluation unchanged
2024-12-11 14:26:33 - Initializing Spring DispatcherServlet 'dispatcherServlet'
2024-12-11 14:26:33 - Initializing Servlet 'dispatcherServlet'
2024-12-11 14:26:33 - Completed initialization in 0 ms
2024-12-11 14:26:33 - El Tracking-ID de la solicitud es: dasdasdasdasd
2024-12-11 14:33:42 - Starting MicroservicioClienteApplication using Java 17.0.13 with PID 25988 (D:\PROYECTOS\TataConsulting\microservicio-cliente\target\classes started by KREYSHIN in D:\PROYECTOS\TataConsulting\microservicio-cliente)
2024-12-11 14:33:42 - No active profile set, falling back to 1 default profile: "default"
2024-12-11 14:33:42 - Devtools property defaults active! Set 'spring.devtools.add-properties' to 'false' to disable
2024-12-11 14:33:42 - For additional web related logging consider setting the 'logging.level.web' property to 'DEBUG'
2024-12-11 14:33:44 - Bootstrapping Spring Data JPA repositories in DEFAULT mode.
2024-12-11 14:33:44 - Finished Spring Data repository scanning in 158 ms. Found 1 JPA repository interface.
2024-12-11 14:33:46 - Tomcat initialized with port 8081 (http)
2024-12-11 14:33:46 - Starting service [Tomcat]
2024-12-11 14:33:46 - Starting Servlet engine: [Apache Tomcat/10.1.33]
2024-12-11 14:33:46 - Initializing Spring embedded WebApplicationContext
2024-12-11 14:33:46 - Root WebApplicationContext: initialization completed in 3155 ms
2024-12-11 14:33:47 - HHH000204: Processing PersistenceUnitInfo [name: default]
2024-12-11 14:33:47 - HHH000412: Hibernate ORM core version 6.6.2.Final
2024-12-11 14:33:47 - HHH000026: Second-level cache disabled
2024-12-11 14:33:47 - No LoadTimeWeaver setup: ignoring JPA class transformer
2024-12-11 14:33:47 - HikariPool-1 - Starting...
2024-12-11 14:33:48 - HikariPool-1 - Added connection ConnectionID:1 ClientConnectionId: 41fd4f0e-3af0-4ed7-96f5-07af9076cc1c
2024-12-11 14:33:48 - HikariPool-1 - Start completed.
2024-12-11 14:33:48 - HHH10001005: Database info:
	Database JDBC URL [Connecting through datasource 'HikariDataSource (HikariPool-1)']
	Database driver: undefined/unknown
	Database version: 16.0
	Autocommit mode: undefined/unknown
	Isolation level: undefined/unknown
	Minimum pool size: undefined/unknown
	Maximum pool size: undefined/unknown
2024-12-11 14:33:49 - HHH000489: No JTA platform available (set 'hibernate.transaction.jta.platform' to enable JTA platform integration)
2024-12-11 14:33:49 - Initialized JPA EntityManagerFactory for persistence unit 'default'
2024-12-11 14:33:51 - spring.jpa.open-in-view is enabled by default. Therefore, database queries may be performed during view rendering. Explicitly configure spring.jpa.open-in-view to disable this warning
2024-12-11 14:33:52 - LiveReload server is running on port 35729
2024-12-11 14:33:52 - Tomcat started on port 8081 (http) with context path '/'
2024-12-11 14:33:52 - Started MicroservicioClienteApplication in 10.447 seconds (process running for 10.994)
2024-12-11 14:34:18 - Initializing Spring DispatcherServlet 'dispatcherServlet'
2024-12-11 14:34:18 - Initializing Servlet 'dispatcherServlet'
2024-12-11 14:34:18 - Completed initialization in 1 ms
2024-12-11 14:34:18 - El Tracking-ID de la solicitud es: dasdasdasdasd
2024-12-11 14:35:59 - Starting MicroservicioClienteApplication using Java 17.0.13 with PID 35348 (D:\PROYECTOS\TataConsulting\microservicio-cliente\target\classes started by KREYSHIN in D:\PROYECTOS\TataConsulting\microservicio-cliente)
2024-12-11 14:35:59 - No active profile set, falling back to 1 default profile: "default"
2024-12-11 14:35:59 - Devtools property defaults active! Set 'spring.devtools.add-properties' to 'false' to disable
2024-12-11 14:35:59 - For additional web related logging consider setting the 'logging.level.web' property to 'DEBUG'
2024-12-11 14:36:00 - Bootstrapping Spring Data JPA repositories in DEFAULT mode.
2024-12-11 14:36:00 - Finished Spring Data repository scanning in 132 ms. Found 1 JPA repository interface.
2024-12-11 14:36:01 - Tomcat initialized with port 8081 (http)
2024-12-11 14:36:01 - Starting service [Tomcat]
2024-12-11 14:36:01 - Starting Servlet engine: [Apache Tomcat/10.1.33]
2024-12-11 14:36:01 - Initializing Spring embedded WebApplicationContext
2024-12-11 14:36:01 - Root WebApplicationContext: initialization completed in 2217 ms
2024-12-11 14:36:02 - HHH000204: Processing PersistenceUnitInfo [name: default]
2024-12-11 14:36:02 - HHH000412: Hibernate ORM core version 6.6.2.Final
2024-12-11 14:36:02 - HHH000026: Second-level cache disabled
2024-12-11 14:36:02 - No LoadTimeWeaver setup: ignoring JPA class transformer
2024-12-11 14:36:03 - HikariPool-1 - Starting...
2024-12-11 14:36:03 - HikariPool-1 - Added connection ConnectionID:1 ClientConnectionId: 64e302d2-6ae4-49b6-a2fc-96d2351112ca
2024-12-11 14:36:03 - HikariPool-1 - Start completed.
2024-12-11 14:36:03 - HHH10001005: Database info:
	Database JDBC URL [Connecting through datasource 'HikariDataSource (HikariPool-1)']
	Database driver: undefined/unknown
	Database version: 16.0
	Autocommit mode: undefined/unknown
	Isolation level: undefined/unknown
	Minimum pool size: undefined/unknown
	Maximum pool size: undefined/unknown
2024-12-11 14:36:04 - HHH000489: No JTA platform available (set 'hibernate.transaction.jta.platform' to enable JTA platform integration)
2024-12-11 14:36:04 - Initialized JPA EntityManagerFactory for persistence unit 'default'
2024-12-11 14:36:05 - spring.jpa.open-in-view is enabled by default. Therefore, database queries may be performed during view rendering. Explicitly configure spring.jpa.open-in-view to disable this warning
2024-12-11 14:36:06 - LiveReload server is running on port 35729
2024-12-11 14:36:06 - Tomcat started on port 8081 (http) with context path '/'
2024-12-11 14:36:06 - Started MicroservicioClienteApplication in 7.873 seconds (process running for 8.335)
2024-12-11 14:36:35 - Starting MicroservicioClienteApplication using Java 17.0.13 with PID 37880 (D:\PROYECTOS\TataConsulting\microservicio-cliente\target\classes started by KREYSHIN in D:\PROYECTOS\TataConsulting\microservicio-cliente)
2024-12-11 14:36:35 - No active profile set, falling back to 1 default profile: "default"
2024-12-11 14:36:35 - Devtools property defaults active! Set 'spring.devtools.add-properties' to 'false' to disable
2024-12-11 14:36:35 - For additional web related logging consider setting the 'logging.level.web' property to 'DEBUG'
2024-12-11 14:36:36 - Bootstrapping Spring Data JPA repositories in DEFAULT mode.
2024-12-11 14:36:36 - Finished Spring Data repository scanning in 191 ms. Found 1 JPA repository interface.
2024-12-11 14:36:37 - Tomcat initialized with port 8081 (http)
2024-12-11 14:36:37 - Starting service [Tomcat]
2024-12-11 14:36:37 - Starting Servlet engine: [Apache Tomcat/10.1.33]
2024-12-11 14:36:37 - Initializing Spring embedded WebApplicationContext
2024-12-11 14:36:37 - Root WebApplicationContext: initialization completed in 2777 ms
2024-12-11 14:36:38 - HHH000204: Processing PersistenceUnitInfo [name: default]
2024-12-11 14:36:38 - HHH000412: Hibernate ORM core version 6.6.2.Final
2024-12-11 14:36:38 - HHH000026: Second-level cache disabled
2024-12-11 14:36:39 - No LoadTimeWeaver setup: ignoring JPA class transformer
2024-12-11 14:36:39 - HikariPool-1 - Starting...
2024-12-11 14:36:39 - HikariPool-1 - Added connection ConnectionID:1 ClientConnectionId: 21d804dd-c513-41a5-9d36-5b3fbd88c3be
2024-12-11 14:36:39 - HikariPool-1 - Start completed.
2024-12-11 14:36:39 - HHH10001005: Database info:
	Database JDBC URL [Connecting through datasource 'HikariDataSource (HikariPool-1)']
	Database driver: undefined/unknown
	Database version: 16.0
	Autocommit mode: undefined/unknown
	Isolation level: undefined/unknown
	Minimum pool size: undefined/unknown
	Maximum pool size: undefined/unknown
2024-12-11 14:36:41 - HHH000489: No JTA platform available (set 'hibernate.transaction.jta.platform' to enable JTA platform integration)
2024-12-11 14:36:41 - Initialized JPA EntityManagerFactory for persistence unit 'default'
2024-12-11 14:36:43 - spring.jpa.open-in-view is enabled by default. Therefore, database queries may be performed during view rendering. Explicitly configure spring.jpa.open-in-view to disable this warning
2024-12-11 14:36:45 - LiveReload server is running on port 35729
2024-12-11 14:36:45 - Tomcat started on port 8081 (http) with context path '/'
2024-12-11 14:36:45 - Started MicroservicioClienteApplication in 10.679 seconds (process running for 11.184)
2024-12-11 14:36:49 - Initializing Spring DispatcherServlet 'dispatcherServlet'
2024-12-11 14:36:49 - Initializing Servlet 'dispatcherServlet'
2024-12-11 14:36:49 - Completed initialization in 0 ms
2024-12-11 14:36:49 - El Tracking-ID de la solicitud es: dasdasdasdasd
2024-12-11 14:36:56 - El Tracking-ID de la solicitud es: 6157ad6a-b0d3-4d83-8632-61666f8eba56
2024-12-11 14:37:22 - El Tracking-ID de la solicitud es: de8bc368-891b-486e-936c-3283542803a3
2024-12-11 14:42:02 - El Tracking-ID de la solicitud es: 62431119-6ba6-40a2-9011-d9e1e1803f81
2024-12-11 14:52:07 - Restarting due to 9 class path changes (0 additions, 9 deletions, 0 modifications)
2024-12-11 14:52:07 - Commencing graceful shutdown. Waiting for active requests to complete
2024-12-11 14:52:07 - Graceful shutdown complete
2024-12-11 14:52:07 - Closing JPA EntityManagerFactory for persistence unit 'default'
2024-12-11 14:52:07 - HikariPool-1 - Shutdown initiated...
2024-12-11 14:52:07 - HikariPool-1 - Shutdown completed.
2024-12-11 14:52:08 - Starting MicroservicioClienteApplication using Java 17.0.13 with PID 37880 (D:\PROYECTOS\TataConsulting\microservicio-cliente\target\classes started by KREYSHIN in D:\PROYECTOS\TataConsulting\microservicio-cliente)
2024-12-11 14:52:08 - No active profile set, falling back to 1 default profile: "default"
2024-12-11 14:52:08 - Bootstrapping Spring Data JPA repositories in DEFAULT mode.
2024-12-11 14:52:08 - Finished Spring Data repository scanning in 105 ms. Found 1 JPA repository interface.
2024-12-11 14:52:08 - Tomcat initialized with port 8081 (http)
2024-12-11 14:52:08 - Starting service [Tomcat]
2024-12-11 14:52:08 - Starting Servlet engine: [Apache Tomcat/10.1.33]
2024-12-11 14:52:08 - Initializing Spring embedded WebApplicationContext
2024-12-11 14:52:08 - Root WebApplicationContext: initialization completed in 696 ms
2024-12-11 14:52:08 - HHH000204: Processing PersistenceUnitInfo [name: default]
2024-12-11 14:52:08 - HHH000026: Second-level cache disabled
2024-12-11 14:52:08 - No LoadTimeWeaver setup: ignoring JPA class transformer
2024-12-11 14:52:08 - HikariPool-2 - Starting...
2024-12-11 14:52:08 - HikariPool-2 - Added connection ConnectionID:11 ClientConnectionId: fb44b5e9-6fd2-41a8-88f2-1fb2b1df7aec
2024-12-11 14:52:08 - HikariPool-2 - Start completed.
2024-12-11 14:52:08 - HHH10001005: Database info:
	Database JDBC URL [Connecting through datasource 'HikariDataSource (HikariPool-2)']
	Database driver: undefined/unknown
	Database version: 16.0
	Autocommit mode: undefined/unknown
	Isolation level: undefined/unknown
	Minimum pool size: undefined/unknown
	Maximum pool size: undefined/unknown
2024-12-11 14:52:08 - HHH000489: No JTA platform available (set 'hibernate.transaction.jta.platform' to enable JTA platform integration)
2024-12-11 14:52:09 - Initialized JPA EntityManagerFactory for persistence unit 'default'
2024-12-11 14:52:09 - Exception encountered during context initialization - cancelling refresh attempt: org.springframework.beans.factory.UnsatisfiedDependencyException: Error creating bean with name 'clienteController' defined in file [D:\PROYECTOS\TataConsulting\microservicio-cliente\target\classes\brandonnavarro\microservicio_cliente\controller\ClienteController.class]: Unsatisfied dependency expressed through constructor parameter 0: No qualifying bean of type 'brandonnavarro.microservicio_cliente.service.ClienteService' available: expected at least 1 bean which qualifies as autowire candidate. Dependency annotations: {}
2024-12-11 14:52:09 - Closing JPA EntityManagerFactory for persistence unit 'default'
2024-12-11 14:52:09 - HikariPool-2 - Shutdown initiated...
2024-12-11 14:52:09 - HikariPool-2 - Shutdown completed.
2024-12-11 14:52:09 - Stopping service [Tomcat]
2024-12-11 14:52:09 - 

Error starting ApplicationContext. To display the condition evaluation report re-run your application with 'debug' enabled.
2024-12-11 14:52:09 - 

***************************
APPLICATION FAILED TO START
***************************

Description:

Parameter 0 of constructor in brandonnavarro.microservicio_cliente.controller.ClienteController required a bean of type 'brandonnavarro.microservicio_cliente.service.ClienteService' that could not be found.


Action:

Consider defining a bean of type 'brandonnavarro.microservicio_cliente.service.ClienteService' in your configuration.

2024-12-11 14:52:10 - Starting MicroservicioClienteApplication using Java 17.0.13 with PID 37880 (D:\PROYECTOS\TataConsulting\microservicio-cliente\target\classes started by KREYSHIN in D:\PROYECTOS\TataConsulting\microservicio-cliente)
2024-12-11 14:52:10 - No active profile set, falling back to 1 default profile: "default"
2024-12-11 14:52:11 - Bootstrapping Spring Data JPA repositories in DEFAULT mode.
2024-12-11 14:52:11 - Finished Spring Data repository scanning in 8 ms. Found 1 JPA repository interface.
2024-12-11 14:52:11 - Tomcat initialized with port 8081 (http)
2024-12-11 14:52:11 - Starting service [Tomcat]
2024-12-11 14:52:11 - Starting Servlet engine: [Apache Tomcat/10.1.33]
2024-12-11 14:52:11 - Initializing Spring embedded WebApplicationContext
2024-12-11 14:52:11 - Root WebApplicationContext: initialization completed in 430 ms
2024-12-11 14:52:11 - HHH000204: Processing PersistenceUnitInfo [name: default]
2024-12-11 14:52:11 - HHH000026: Second-level cache disabled
2024-12-11 14:52:11 - No LoadTimeWeaver setup: ignoring JPA class transformer
2024-12-11 14:52:11 - HikariPool-3 - Starting...
2024-12-11 14:52:11 - HikariPool-3 - Added connection ConnectionID:17 ClientConnectionId: 01fe0bdf-1702-4826-b1ff-7230a67f39f3
2024-12-11 14:52:11 - HikariPool-3 - Start completed.
2024-12-11 14:52:11 - HHH10001005: Database info:
	Database JDBC URL [Connecting through datasource 'HikariDataSource (HikariPool-3)']
	Database driver: undefined/unknown
	Database version: 16.0
	Autocommit mode: undefined/unknown
	Isolation level: undefined/unknown
	Minimum pool size: undefined/unknown
	Maximum pool size: undefined/unknown
2024-12-11 14:52:11 - HHH000489: No JTA platform available (set 'hibernate.transaction.jta.platform' to enable JTA platform integration)
2024-12-11 14:52:11 - Initialized JPA EntityManagerFactory for persistence unit 'default'
2024-12-11 14:52:11 - spring.jpa.open-in-view is enabled by default. Therefore, database queries may be performed during view rendering. Explicitly configure spring.jpa.open-in-view to disable this warning
2024-12-11 14:52:11 - LiveReload server is running on port 35729
2024-12-11 14:52:11 - Tomcat started on port 8081 (http) with context path '/'
2024-12-11 14:52:11 - Started MicroservicioClienteApplication in 1.104 seconds (process running for 937.861)
2024-12-11 14:52:11 - Condition evaluation unchanged
2024-12-11 14:52:12 - Starting ClienteControllerTest using Java 17.0.13 with PID 30028 (started by KREYSHIN in D:\PROYECTOS\TataConsulting\microservicio-cliente)
2024-12-11 14:52:12 - No active profile set, falling back to 1 default profile: "default"
2024-12-11 14:52:14 - Started ClienteControllerTest in 2.999 seconds (process running for 4.401)
2024-12-11 14:52:28 - Initializing Spring DispatcherServlet 'dispatcherServlet'
2024-12-11 14:52:28 - Initializing Servlet 'dispatcherServlet'
2024-12-11 14:52:28 - Completed initialization in 1 ms
2024-12-11 14:52:28 - El Tracking-ID de la solicitud es: 8908cce0-7888-48b4-8ab1-5ca425ace861
2024-12-11 14:53:01 - El Tracking-ID de la solicitud es: 39b35c4b-b95c-46e3-bc61-c177b9972e9e
2024-12-11 14:53:28 - El Tracking-ID de la solicitud es: 33a55337-0ed4-4e0f-9028-6f7a4d931a1c
2024-12-11 14:53:49 - El Tracking-ID de la solicitud es: ce1d5a51-cd8a-46f3-99f2-abe6f62993fb
2024-12-11 14:54:16 - El Tracking-ID de la solicitud es: 05508aa8-1723-4ba3-9dd5-10f3c1028eb1
2024-12-11 14:54:44 - El Tracking-ID de la solicitud es: 2f489643-e59a-4ae2-8999-1214529cd040
2024-12-11 15:03:48 - El Tracking-ID de la solicitud es: b41a9dea-9146-44b9-92a6-6fa19b0bc2e4
2024-12-11 15:06:28 - Starting ClienteControllerTest using Java 17.0.13 with PID 36172 (started by KREYSHIN in D:\PROYECTOS\TataConsulting\microservicio-cliente)
2024-12-11 15:06:28 - No active profile set, falling back to 1 default profile: "default"
2024-12-11 15:06:30 - Started ClienteControllerTest in 2.763 seconds (process running for 3.696)
